=== OPERATION STARTS === 13:52:14,004 [1][INFO ][PosToWebPosBridge.Program]- Application opened as Console Application
13:52:15,573 [4][ERROR][PosToWebPosBridge.Program]- Web  Pos Connection Opened
13:52:16,375 [1][ERROR][PosToWebPosBridge.Program]- Web  Pos Connection Opened
13:52:41,559 [1][INFO ][PosToWebPosBridge.Program]- Application closed as Console Application
=== OPERATION ENDS === === OPERATION STARTS === 13:56:53,791 [1][INFO ][PosToWebPosBridge.Program]- Application opened as Console Application
13:56:55,651 [4][ERROR][PosToWebPosBridge.Program]- Web  Pos Connection Opened
13:56:55,941 [1][ERROR][PosToWebPosBridge.Program]- Web  Pos Connection Opened
13:57:14,469 [5][ERROR][PosToWebPosBridge.Program]- Web  Pos Connection Opened
13:57:16,202 [1][INFO ][PosToWebPosBridge.Program]- Application closed as Console Application
=== OPERATION ENDS === === OPERATION STARTS === 13:58:25,354 [1][INFO ][PosToWebPosBridge.Program]- Application opened as Console Application
13:58:27,226 [1][ERROR][PosToWebPosBridge.Program]- Web  Pos Connection Opened
13:58:27,478 [4][ERROR][PosToWebPosBridge.Program]- Web  Pos Connection Opened
13:58:42,797 [1][INFO ][PosToWebPosBridge.Program]- Application closed as Console Application
=== OPERATION ENDS === === OPERATION STARTS === 14:00:08,089 [1][INFO ][PosToWebPosBridge.Program]- Application opened as Console Application
14:00:10,626 [4][ERROR][PosToWebPosBridge.Program]- Web  Pos Connection Opened
14:00:11,583 [1][ERROR][PosToWebPosBridge.Program]- Web  Pos Connection Opened
14:00:32,521 [4][ERROR][PosToWebPosBridge.Program]- Web  Pos Connection Opened
14:00:34,891 [1][INFO ][PosToWebPosBridge.Program]- Application closed as Console Application
=== OPERATION ENDS === === OPERATION STARTS === 14:00:39,891 [1][INFO ][PosToWebPosBridge.Program]- Application opened as Console Application
14:00:41,596 [4][ERROR][PosToWebPosBridge.Program]- Web  Pos Connection Opened
14:00:41,821 [1][ERROR][PosToWebPosBridge.Program]- Web  Pos Connection Opened
14:01:07,252 [4][ERROR][PosToWebPosBridge.Program]- Web  Pos Connection Opened
14:01:07,831 [1][INFO ][PosToWebPosBridge.Program]- Application closed as Console Application
=== OPERATION ENDS === 